<?xml version="1.0" encoding="UTF-8"?>
<testsuite xmlns:xsi="http://www.w3.org/2001/XMLSchema-instance" xsi:noNamespaceSchemaLocation="https://maven.apache.org/surefire/maven-surefire-plugin/xsd/surefire-test-report.xsd" name="SwitchToConstructorParamTest" time="13.515" tests="2" errors="0" skipped="0" failures="0">
  <properties>
[...]
</properties>
  <testcase name="checkParamSwitchToConstructorTest[0]" classname="SwitchToConstructorParamTest" time="5.62"/>
  <testcase name="checkParamSwitchToConstructorTest[1]" classname="SwitchToConstructorParamTest" time="7.895"/>
</testsuite>